<book name="Test">
  <chapter name="Chapter 1"><![CDATA[Quisque convallis condimentum lorem, at ultrices tellus porttitor non.  Donec in leo ut libero vulputate posuere nec vel elit. Vestibulum ante ipsum primis in faucibus orci luctus et ultrices posuere cubilia Curae; Aenean auctor tellus ut leo elementum pulvinar. Curabitur mollis viverra tellus sed pretium. Class aptent taciti sociosqu ad litora torquent per conubia nostra, per inceptos himenaeos. Curabitur risus lectus, tempor quis hendrerit viverra, pretium at risus. Mauris lobortis aliquet elit vel volutpat. Pellentesque habitant morbi tristique senectus et netus et malesuada fames ac turpis egestas. Nam et magna vitae elit dignissim faucibus a a tellus.]]></chapter>
  <chapter name="Chapter 2"><![CDATA[Lorem ipsum dolor sit amet, consectetur adipiscing elit. Ut non est eget sem aliquam dignissim. Donec mi leo, lacinia vel fermentum et, accumsan quis dui. Etiam varius consectetur tempus. Maecenas ultrices neque et lectus bibendum sed pellentesque dui consectetur. Aenean lacinia diam eu eros elementum tristique. Integer porttitor congue felis, eu pretium elit elementum quis. Aenean aliquet, leo id elementum pulvinar, turpis odio posuere odio, non fringilla tellus urna suscipit tortor. Curabitur porttitor orci ac est iaculis sollicitudin. In lacus ligula, pellentesque sit amet rutrum in, imperdiet ut erat. Nunc mollis sagittis tortor, eu lacinia dolor faucibus eget. Curabitur mollis interdum quam, in elementum nisl rutrum nec.]]></chapter>
  <chapter name="Chapter 3"><![CDATA[Fusce sapien tellus, congue in condimentum non, sodales sit amet nunc. Nulla facilisi. Nulla tempus, risus ac euismod vulputate, elit erat iaculis elit, vitae euismod turpis arcu non est. Morbi posuere volutpat vestibulum. Praesent a lorem odio. Nulla blandit odio a mauris aliquam a imperdiet purus posuere. In non mollis nunc. Praesent sodales turpis ac dui ultricies tempus. Praesent eget elit et urna porttitor sodales a vitae ipsum. Sed commodo risus tellus. Mauris mauris elit, dignissim ut commodo nec, bibendum vel purus. Pellentesque habitant morbi tristique senectus et netus et malesuada fames ac turpis egestas. Morbi tempus, leo at consequat vehicula, lacus eros ultricies urna, ut pretium erat lacus vel mauris. Mauris non lorem faucibus lectus posuere laoreet. Vestibulum diam lacus, viverra et tincidunt in, facilisis non sem. Aenean egestas lectus eu est cursus semper tempus neque cursus.]]></chapter>    
</book>